#
# A fatal error has been detected by the Java Runtime Environment:
#
#  SIGSEGV (0xb) at pc=0x00007f1c2d093eb7, pid=32464, tid=13230
#
# JRE version: OpenJDK Runtime Environment (11.0.13+8) (build 11.0.13+8-Ubuntu-0ubuntu1.18.04)
# Java VM: OpenJDK 64-Bit Server VM (11.0.13+8-Ubuntu-0ubuntu1.18.04, mixed mode, sharing, tiered, compressed oops, g1 gc, linux-amd64)
# Problematic frame:
# J 1150 c1 java.nio.DirectIntBufferU.get(I)I java.base@11.0.13 (29 bytes) @ 0x00007f1c2d093eb7 [0x00007f1c2d093e40+0x0000000000000077]
#
# Core dump will be written. Default location: Core dumps may be processed with "/usr/share/apport/apport %p %s %c %d %P %E" (or dumping to /home/ankit/Desktop/Sem2/PODS/Assignments/Delivery/core.32464)
#
# If you would like to submit a bug report, please visit:
#   https://bugs.launchpad.net/ubuntu/+source/openjdk-lts
#

---------------  S U M M A R Y ------------

Command Line: -agentlib:jdwp=transport=dt_socket,suspend=y,address=localhost:42725 -Dcom.sun.management.jmxremote -Dcom.sun.management.jmxremote.port=44255 -Dcom.sun.management.jmxremote.authenticate=false -Dcom.sun.management.jmxremote.ssl=false -Djava.rmi.server.hostname=localhost -Dspring.jmx.enabled=true -Dspring.application.admin.enabled=true -Djava.security.egd=file:/dev/./urandom -XX:TieredStopAtLevel=1 -Dspring.boot.project.name=Delivery -javaagent:/home/ankit/Desktop/Sem2/PODS/sts-4.13.0.RELEASE/configuration/org.eclipse.osgi/257/0/.cp/lib/javaagent-shaded.jar -Dfile.encoding=UTF-8 com.iisc.pods.DemoApplication --spring.output.ansi.enabled=always

Host: Intel(R) Core(TM) i5-7200U CPU @ 2.50GHz, 4 cores, 7G, Ubuntu 18.04.6 LTS
Time: Sun Jan 30 23:12:27 2022 IST elapsed time: 16963.546298 seconds (0d 4h 42m 43s)

---------------  T H R E A D  ---------------

Current thread (0x00007f1bdc005800):  JavaThread "RMI TCP Connection(303)-127.0.0.1" daemon [_thread_in_Java, id=13230, stack(0x00007f1c1c40a000,0x00007f1c1c50b000)]

Stack: [0x00007f1c1c40a000,0x00007f1c1c50b000],  sp=0x00007f1c1c501e50,  free space=991k
Native frames: (J=compiled Java code, A=aot compiled Java code, j=interpreted, Vv=VM code, C=native code)
J 1150 c1 java.nio.DirectIntBufferU.get(I)I java.base@11.0.13 (29 bytes) @ 0x00007f1c2d093eb7 [0x00007f1c2d093e40+0x0000000000000077]
J 1219 c1 jdk.internal.jimage.BasicImageReader.findLocation(Ljava/lang/String;Ljava/lang/String;)Ljdk/internal/jimage/ImageLocation; java.base@11.0.13 (115 bytes) @ 0x00007f1c2d0bf18c [0x00007f1c2d0bef60+0x000000000000022c]
J 1222 c1 jdk.internal.module.SystemModuleFinders$SystemModuleReader.findImageLocation(Ljava/lang/String;)Ljdk/internal/jimage/ImageLocation; java.base@11.0.13 (42 bytes) @ 0x00007f1c2d0c0c54 [0x00007f1c2d0c0ba0+0x00000000000000b4]
j  jdk.internal.module.SystemModuleFinders$SystemModuleReader.read(Ljava/lang/String;)Ljava/util/Optional;+2 java.base@11.0.13
j  jdk.internal.loader.BuiltinClassLoader.defineClass(Ljava/lang/String;Ljdk/internal/loader/BuiltinClassLoader$LoadedModule;)Ljava/lang/Class;+79 java.base@11.0.13
J 4259 c1 jdk.internal.loader.BuiltinClassLoader.loadClassOrNull(Ljava/lang/String;Z)Ljava/lang/Class; java.base@11.0.13 (143 bytes) @ 0x00007f1c2d65017c [0x00007f1c2d64fda0+0x00000000000003dc]
J 1459 c1 jdk.internal.loader.BuiltinClassLoader.loadClassOrNull(Ljava/lang/String;)Ljava/lang/Class; java.base@11.0.13 (7 bytes) @ 0x00007f1c2d1441ac [0x00007f1c2d144140+0x000000000000006c]
J 4259 c1 jdk.internal.loader.BuiltinClassLoader.loadClassOrNull(Ljava/lang/String;Z)Ljava/lang/Class; java.base@11.0.13 (143 bytes) @ 0x00007f1c2d65023c [0x00007f1c2d64fda0+0x000000000000049c]
J 1329 c1 jdk.internal.loader.ClassLoaders$AppClassLoader.loadClass(Ljava/lang/String;Z)Ljava/lang/Class; java.base@11.0.13 (40 bytes) @ 0x00007f1c2d0fc1f4 [0x00007f1c2d0fc0a0+0x0000000000000154]
J 1433 c1 java.lang.ClassLoader.loadClass(Ljava/lang/String;)Ljava/lang/Class; java.base@11.0.13 (7 bytes) @ 0x00007f1c2d139dbc [0x00007f1c2d139d40+0x000000000000007c]
v  ~StubRoutines::call_stub
V  [libjvm.so+0x837533]